Script handler ready. Waiting for a while to ensure all other mods are done messing with NEI.
Starting NEI Filter scripting. This might take a moment to load all the modules...
Engine: JAVASCRIPT
Setting up Java Library...
Setting up FML Library...
Setting up NEI Library...
Setting up CreativeTab library...
Found creative tab: IC2
Found creative tab: tabBloodMagic
Found creative tab: misc
Found creative tab: tools
Found creative tab: Automagy
Found creative tab: avaritia
Found creative tab: tab.backpacks
Found creative tab: materials
Found creative tab: BiblioCraft
Found creative tab: BiblioCraftLights
Found creative tab: BiblioWoodsBoP
Found creative tab: BiblioWoodsForestry
Found creative tab: BiblioWoodsNatura
Found creative tab: »ùÒò
Found creative tab: apiculture
Found creative tab: buildingBlocks
Found creative tab: tabBiomesOPlenty
Found creative tab: BA_TAB
Found creative tab: Botania
Found creative tab: Binnie|»¨»Ü
Found creative tab: buildcraft.main
Found creative tab: buildcraft.pipes
Found creative tab: buildcraft.boards
Found creative tab: buildcraft.facades
Found creative tab: CarpentersBlocks
Found creative tab: blocksAndItems
Found creative tab: food
Found creative tab: toolsAndWeapons
Found creative tab: EMT.creativeTab
Found creative tab: EnderIO
Found creative tab: decorations
Found creative tab: EnderZoo
Found creative tab: arboriculture
Found creative tab: lepidopterology
Found creative tab: extraUtil
Found creative tab: combat
Found creative tab: extraUtil_FMP
Found creative tab: floodlights
Found creative tab: forbidden
Found creative tab: mobcrystal
Found creative tab: forestry
Found creative tab: transportation
Found creative tab: GalacticraftItems
Found creative tab: GalacticraftBlocks
Found creative tab: AddonsBlocks
Found creative tab: AddonsItems
Found creative tab: AddonsArmor
Found creative tab: Good Generator
Found creative tab: GraviSuite
Found creative tab: tabHardcoreEnderExpansion
Found creative tab: Nuclear Control 2
Found creative tab: jabba
Found creative tab: Logistics_Pipes
Found creative tab: redstone
Found creative tab: magicBees
Found creative tab: natura.plants
Found creative tab: nodalmechanics.tab
Found creative tab: tabOpenBlocks
Found creative tab: OpenComputers
Found creative tab: TConstructBlocks
Found creative tab: core
Found creative tab: expansion
Found creative tab: exploration
Found creative tab: fab
Found creative tab: ill
Found creative tab: int
Found creative tab: trans
Found creative tab: transport
Found creative tab: rio
Found creative tab: railcraft
Found creative tab: Random Things
Found creative tab: gcewing_sg:sgcraft
Found creative tab: sfm
Found creative tab: SC2Blocks
Found creative tab: SC2Modules
Found creative tab: SC2Items
Found creative tab: storageDrawers
Found creative tab: storageDrawersBop
Found creative tab: storageDrawersForestry
Found creative tab: storageDrawersMisc
Found creative tab: storageDrawersNatura
Found creative tab: TConstructWeaponry
Found creative tab: TConstructParts
Found creative tab: TConstructTools
Found creative tab: TConstructMaterials
Found creative tab: TConstructGadgets
Found creative tab: TConstructEquipables
Found creative tab: tabTGregworks
Found creative tab: TMechworks
Found creative tab: TaintedMagic
Found creative tab: thaumcraft
Found creative tab: thaumicExploration
Found creative tab: thaumichorizons
Found creative tab: thaumicMachina
Found creative tab: ThaumicTinkerer
Found creative tab: brewing
Found creative tab: GregTech.GTPP_OTHER_2
Found creative tab: GregTech.GTPP_BLOCKS
Found creative tab: travellersgear
Found creative tab: twilightForest
Found creative tab: warptheory.tab
Found creative tab: witchinggadgets
Found creative tab: ztones
Found creative tab: adventurebackpack
Found creative tab: ae2fc
Found creative tab: bdew.ae2stuff
Found creative tab: ae2wct
Found creative tab: appliedenergistics2
Found creative tab: appliedenergistics2.facades
Found creative tab: avaritiaddons
Found creative tab: bartworks
Found creative tab: BioTab
Found creative tab: GT2C
Found creative tab: bartworksMetaMaterials
Found creative tab: GregTech.Main
Found creative tab: GregTech.Materials
Found creative tab: bw.MetaItems.0
Found creative tab: Battlegear2
Found creative tab: Cropspp
Found creative tab: betterquesting
Found creative tab: catwalks
Found creative tab: tabWoodChiselBlocks
Found creative tab: tabStairChiselBlocks
Found creative tab: tabModdedChiselBlocks
Found creative tab: tabStoneChiselBlocks
Found creative tab: tabOtherChiselBlocks
Found creative tab: tabChisel
Found creative tab: tabMetalChiselBlocks
Found creative tab: compactkineticgenerators
Found creative tab: tabComputronics
Found creative tab: cookingforblockheads
Found creative tab: tabDreamCraftFluids
Found creative tab: tabDreamCraftItems_Generic
Found creative tab: tabDreamCraftItems_Circuit
Found creative tab: tabDreamCraftBars_Casings
Found creative tab: tabDreamCraftSolar
Found creative tab: tabDreamCraftItems_Thaum
Found creative tab: tabDreamCraftSpace
Found creative tab: tabDreamCraftItems_Molds
Found creative tab: tabDreamCraftItems_Shapes
Found creative tab: tabDreamCraftBlocks
Found creative tab: ELBTab
Found creative tab: eternalsingularity
Found creative tab: Extra_Cells
Found creative tab: gadomancy
Found creative tab: bdew.gendustry
Found creative tab: bdew.samples
Found creative tab: bdew.templates
Found creative tab: GregTech.Ores
Found creative tab: Detrav Scanner
Found creative tab: tabHarvestCraft2
Found creative tab: tabHarvestCraft3
Found creative tab: tabHarvestCraft
Found creative tab: tabHarvesttheNether
Found creative tab: DayNModTools
Found creative tab: irontank
Found creative tab: kubatech
Found creative tab: LootGames
Found creative tab: malisisdoors
Found creative tab: GregTech.GTPP_MISC
Found creative tab: GregTech.GTPP_MACHINES
Found creative tab: GregTech.GTPP_OTHER
Found creative tab: GregTech.GTPP_TOOLS
Found creative tab: openmodularturrets
Found creative tab: OpenPrinter
Found creative tab: OpenSecurity
Found creative tab: structurelib
Found creative tab: Super Solar Panels
Found creative tab: EM
Found creative tab: TecTech
Found creative tab: Thaumic Bases Blocks
Found creative tab: Thaumic Bases Items
Found creative tab: ThaumicEnergistics
Found creative tab: Thaumic Insurgence
Found creative tab: tabName
Found creative tab: tabWitchery
Setting up ForgeMicroblock Library...
Setting up ExtraUtilities Library...
Setting up BuildCraft Library...
Setting up Applied Energistics 2 Library...
Loading table of contents for module: custom_nei_filters, 1.0, Author: denoflionsx
Bootstrap setting found. Loading: Bootstrap.js
Loading: vanilla.js
hide called. Params: minecraft, portal
Regex match found! minecraft:portal matches minecraft:portal.
Found ItemStack minecraft:portal. 64xtile.portal@0
hide called. Params: minecraft, end_portal
Regex match found! minecraft:end_portal matches minecraft:end_portal.
Found ItemStack minecraft:end_portal. 64xtile.null@0
hide called. Params: minecraft, fire
Regex match found! minecraft:fire matches minecraft:fire.
Found ItemStack minecraft:fire. 64xtile.fire@0
hide called. Params: minecraft, water
Regex match found! minecraft:water matches minecraft:water.
Found ItemStack minecraft:water. 64xtile.water@0
hide called. Params: minecraft, lava
Regex match found! minecraft:lava matches minecraft:lava.
Found ItemStack minecraft:lava. 64xtile.lava@0
hide called. Params: minecraft, mob_spawner
Regex match found! minecraft:mob_spawner matches minecraft:mob_spawner.
Found ItemStack minecraft:mob_spawner. 64xtile.mobSpawner@0
Loading: ThermalExpansion.js
Loading: Mekanism.js
Loading: ForgeMicroblock.js
getRandomMaterial called. Returned: AWWayofTime:AlchemicalWizardrybloodRune_3
obliterate_microblocks called (version in info.inpureprojects.core.NEI.gtfoMicroblocks.ScriptObjects.ForgeMicroblockObject). Params: 1,2,4,257,258,260,513,514,516,769,770,772, AWWayofTime:AlchemicalWizardrybloodRune_3
Loading: ExtraUtilities.js
override called. Params: ExtraUtilities, drum, 0,1
Regex match found! ExtraUtilities:drum matches ExtraUtilities:drum.
Found ItemStack ExtraUtilities:drum. 64xtile.extrautils:drum@0
getRandomMaterial called. Returned: AWWayofTime:runeOfSacrifice
obliterate_microblocks called (version in info.inpureprojects.core.NEI.gtfoMicroblocks.ScriptObjects.ExtraUtilitiesObject). Params: 1,2,3, AWWayofTime:runeOfSacrifice
Loading: BuildCraft.js
getFacadesSize called. Returned: 5034
obliterate_microblocks called (version in info.inpureprojects.core.NEI.gtfoMicroblocks.ScriptObjects.BCObject). Params: 4561
Loading: AppliedEnergistics2.js
getFacadeItem called. Returned: appliedenergistics2:item.ItemFacade
getSubTypes called.
getNumberOfTypes called. Returned: 3600
override called. Params: appliedenergistics2, item.ItemFacade, 3430
Regex match found! appliedenergistics2:item.ItemFacade matches appliedenergistics2:item.ItemFacade.
Found ItemStack appliedenergistics2:item.ItemFacade. 64xitem.appliedenergistics2.ItemFacade@0
Loading: Tcon.js
override called. Params: TConstruct, tool*, 0
Regex match found! TConstruct:tool* matches TConstruct:toolRod.
Regex match found! TConstruct:tool* matches TConstruct:toolShard.
Found ItemStack TConstruct:toolRod. 64xitem.tconstruct.ToolRod@0
Found ItemStack TConstruct:toolShard. 64xitem.tconstruct.ToolShard@0
override called. Params: TConstruct, binding, 0
Regex match found! TConstruct:binding matches TConstruct:binding.
Found ItemStack TConstruct:binding. 64xitem.tconstruct.Binding@0
override called. Params: TConstruct, scytheBlade, 0
Regex match found! TConstruct:scytheBlade matches TConstruct:scytheBlade.
Found ItemStack TConstruct:scytheBlade. 64xitem.tconstruct.ScytheHead@0
override called. Params: TConstruct, ToolForgeBlock, 0
Regex match found! TConstruct:ToolForgeBlock matches TConstruct:ToolForgeBlock.
Found ItemStack TConstruct:ToolForgeBlock. 64xtile.ToolForge@0
override called. Params: TConstruct, buckets, 0
Regex match found! TConstruct:buckets matches TConstruct:buckets.
Found ItemStack TConstruct:buckets. 1xitem.tconstruct.bucket@0
override called. Params: TConstruct, GlassPaneClearStained, 0
Regex match found! TConstruct:GlassPaneClearStained matches TConstruct:GlassPaneClearStained.
Found ItemStack TConstruct:GlassPaneClearStained. 64xtile.tconstruct.glasspanestained@0
override called. Params: TConstruct, GlassBlock.Stained*, 0
Regex match found! TConstruct:GlassBlock.Stained* matches TConstruct:GlassBlock.StainedClear.
Found ItemStack TConstruct:GlassBlock.StainedClear. 64xtile.GlassBlock.StainedClear@0
hide called. Params: TConstruct, fluid.molten.*
Regex match found! TConstruct:fluid.molten.* matches TConstruct:fluid.molten.alubrass.
Regex match found! TConstruct:fluid.molten.* matches TConstruct:fluid.molten.aluminum.
Regex match found! TConstruct:fluid.molten.* matches TConstruct:fluid.molten.alumite.
Regex match found! TConstruct:fluid.molten.* matches TConstruct:fluid.molten.ardite.
Regex match found! TConstruct:fluid.molten.* matches TConstruct:fluid.molten.bronze.
Regex match found! TConstruct:fluid.molten.* matches TConstruct:fluid.molten.cobalt.
Regex match found! TConstruct:fluid.molten.* matches TConstruct:fluid.molten.copper.
Regex match found! TConstruct:fluid.molten.* matches TConstruct:fluid.molten.electrum.
Regex match found! TConstruct:fluid.molten.* matches TConstruct:fluid.molten.enderium.
Regex match found! TConstruct:fluid.molten.* matches TConstruct:fluid.molten.glass.
Regex match found! TConstruct:fluid.molten.* matches TConstruct:fluid.molten.gold.
Regex match found! TConstruct:fluid.molten.* matches TConstruct:fluid.molten.invar.
Regex match found! TConstruct:fluid.molten.* matches TConstruct:fluid.molten.iron.
Regex match found! TConstruct:fluid.molten.* matches TConstruct:fluid.molten.lead.
Regex match found! TConstruct:fluid.molten.* matches TConstruct:fluid.molten.lumium.
Regex match found! TConstruct:fluid.molten.* matches TConstruct:fluid.molten.manyullyn.
Regex match found! TConstruct:fluid.molten.* matches TConstruct:fluid.molten.mithril.
Regex match found! TConstruct:fluid.molten.* matches TConstruct:fluid.molten.nickel.
Regex match found! TConstruct:fluid.molten.* matches TConstruct:fluid.molten.obsidian.
Regex match found! TConstruct:fluid.molten.* matches TConstruct:fluid.molten.pigiron.
Regex match found! TConstruct:fluid.molten.* matches TConstruct:fluid.molten.shiny.
Regex match found! TConstruct:fluid.molten.* matches TConstruct:fluid.molten.signalum.
Regex match found! TConstruct:fluid.molten.* matches TConstruct:fluid.molten.silver.
Regex match found! TConstruct:fluid.molten.* matches TConstruct:fluid.molten.steel.
Regex match found! TConstruct:fluid.molten.* matches TConstruct:fluid.molten.tin.
Found ItemStack TConstruct:fluid.molten.alubrass. 64xtile.fluid.molten.alubrass@0
Found ItemStack TConstruct:fluid.molten.aluminum. 64xtile.fluid.molten.aluminum@0
Found ItemStack TConstruct:fluid.molten.alumite. 64xtile.fluid.molten.alumite@0
Found ItemStack TConstruct:fluid.molten.ardite. 64xtile.fluid.molten.ardite@0
Found ItemStack TConstruct:fluid.molten.bronze. 64xtile.fluid.molten.bronze@0
Found ItemStack TConstruct:fluid.molten.cobalt. 64xtile.fluid.molten.cobalt@0
Found ItemStack TConstruct:fluid.molten.copper. 64xtile.fluid.molten.copper@0
Found ItemStack TConstruct:fluid.molten.electrum. 64xtile.fluid.molten.electrum@0
Found ItemStack TConstruct:fluid.molten.enderium. 64xtile.fluid.molten.enderium@0
Found ItemStack TConstruct:fluid.molten.glass. 64xtile.fluid.molten.glass@0
Found ItemStack TConstruct:fluid.molten.gold. 64xtile.fluid.molten.gold@0
Found ItemStack TConstruct:fluid.molten.invar. 64xtile.fluid.molten.invar@0
Found ItemStack TConstruct:fluid.molten.iron. 64xtile.fluid.molten.iron@0
Found ItemStack TConstruct:fluid.molten.lead. 64xtile.fluid.molten.lead@0
Found ItemStack TConstruct:fluid.molten.lumium. 64xtile.fluid.molten.lumium@0
Found ItemStack TConstruct:fluid.molten.manyullyn. 64xtile.fluid.molten.manyullyn@0
Found ItemStack TConstruct:fluid.molten.mithril. 64xtile.fluid.molten.mithril@0
Found ItemStack TConstruct:fluid.molten.nickel. 64xtile.fluid.molten.nickel@0
Found ItemStack TConstruct:fluid.molten.obsidian. 64xtile.fluid.molten.obsidian@0
Found ItemStack TConstruct:fluid.molten.pigiron. 64xtile.fluid.molten.pigiron@0
Found ItemStack TConstruct:fluid.molten.shiny. 64xtile.fluid.molten.shiny@0
Found ItemStack TConstruct:fluid.molten.signalum. 64xtile.fluid.molten.signalum@0
Found ItemStack TConstruct:fluid.molten.silver. 64xtile.fluid.molten.silver@0
Found ItemStack TConstruct:fluid.molten.steel. 64xtile.fluid.molten.steel@0
Found ItemStack TConstruct:fluid.molten.tin. 64xtile.fluid.molten.tin@0
override_with_nbt called. Params: TConstruct, pickaxe
Regex match found! TConstruct:pickaxe matches TConstruct:pickaxe.
Found ItemStack TConstruct:pickaxe. 1xitem.InfiTool.Pickaxe@0
override_with_nbt called. Params: TConstruct, battleaxe
Regex match found! TConstruct:battleaxe matches TConstruct:battleaxe.
Found ItemStack TConstruct:battleaxe. 1xitem.InfiTool.Battleaxe@0
override_with_nbt called. Params: TConstruct, shovel
Regex match found! TConstruct:shovel matches TConstruct:shovel.
Found ItemStack TConstruct:shovel. 1xitem.InfiTool.Shovel@0
override_with_nbt called. Params: TConstruct, hatchet
Regex match found! TConstruct:hatchet matches TConstruct:hatchet.
Found ItemStack TConstruct:hatchet. 1xitem.InfiTool.Axe@0
override_with_nbt called. Params: TConstruct, broadsword
Regex match found! TConstruct:broadsword matches TConstruct:broadsword.
Found ItemStack TConstruct:broadsword. 1xitem.InfiTool.Broadsword@0
override_with_nbt called. Params: TConstruct, longsword
Regex match found! TConstruct:longsword matches TConstruct:longsword.
Found ItemStack TConstruct:longsword. 1xitem.InfiTool.Longsword@0
override_with_nbt called. Params: TConstruct, rapier
Regex match found! TConstruct:rapier matches TConstruct:rapier.
Found ItemStack TConstruct:rapier. 1xitem.InfiTool.Rapier@0
override_with_nbt called. Params: TConstruct, dagger
Regex match found! TConstruct:dagger matches TConstruct:dagger.
Found ItemStack TConstruct:dagger. 1xitem.InfiTool.Dagger@0
override_with_nbt called. Params: TConstruct, cutlass
Regex match found! TConstruct:cutlass matches TConstruct:cutlass.
Found ItemStack TConstruct:cutlass. 1xitem.InfiTool.Cutlass@0
override_with_nbt called. Params: TConstruct, frypan
Regex match found! TConstruct:frypan matches TConstruct:frypan.
Found ItemStack TConstruct:frypan. 1xitem.InfiTool.FryPan@0
override_with_nbt called. Params: TConstruct, battlesign
Regex match found! TConstruct:battlesign matches TConstruct:battlesign.
Found ItemStack TConstruct:battlesign. 1xitem.InfiTool.Battlesign@0
override_with_nbt called. Params: TConstruct, mattock
Regex match found! TConstruct:mattock matches TConstruct:mattock.
Found ItemStack TConstruct:mattock. 1xitem.InfiTool.Mattock@0
override_with_nbt called. Params: TConstruct, chisel
Regex match found! TConstruct:chisel matches TConstruct:chisel.
Found ItemStack TConstruct:chisel. 1xitem.InfiTool.Chisel@0
override_with_nbt called. Params: TConstruct, lumberaxe
Regex match found! TConstruct:lumberaxe matches TConstruct:lumberaxe.
Found ItemStack TConstruct:lumberaxe. 1xitem.InfiTool.LumberAxe@0
override_with_nbt called. Params: TConstruct, cleaver
Regex match found! TConstruct:cleaver matches TConstruct:cleaver.
Found ItemStack TConstruct:cleaver. 1xitem.InfiTool.Cleaver@0
override_with_nbt called. Params: TConstruct, scythe
Regex match found! TConstruct:scythe matches TConstruct:scythe.
Found ItemStack TConstruct:scythe. 1xitem.InfiTool.Scythe@0
override_with_nbt called. Params: TConstruct, excavator
Regex match found! TConstruct:excavator matches TConstruct:excavator.
Found ItemStack TConstruct:excavator. 1xitem.InfiTool.Excavator@0
override_with_nbt called. Params: TConstruct, hammer
Regex match found! TConstruct:hammer matches TConstruct:hammer.
Found ItemStack TConstruct:hammer. 1xitem.InfiTool.Hammer@0
override_with_nbt called. Params: TConstruct, Shuriken
Regex match found! TConstruct:Shuriken matches TConstruct:Shuriken.
Found ItemStack TConstruct:Shuriken. 1xitem.InfiTool@0
override_with_nbt called. Params: TConstruct, ThrowingKnife
Regex match found! TConstruct:ThrowingKnife matches TConstruct:ThrowingKnife.
Found ItemStack TConstruct:ThrowingKnife. 1xitem.InfiTool@0
override_with_nbt called. Params: TConstruct, Javelin
Regex match found! TConstruct:Javelin matches TConstruct:Javelin.
Found ItemStack TConstruct:Javelin. 1xitem.InfiTool@0
override_with_nbt called. Params: TConstruct, ShortBow
Regex match found! TConstruct:ShortBow matches TConstruct:ShortBow.
Found ItemStack TConstruct:ShortBow. 1xitem.InfiTool@0
override_with_nbt called. Params: TConstruct, arrow
override_with_nbt called. Params: TConstruct, LongBow
Regex match found! TConstruct:LongBow matches TConstruct:LongBow.
Found ItemStack TConstruct:LongBow. 1xitem.InfiTool@0
override_with_nbt called. Params: TConstruct, Crossbow
Regex match found! TConstruct:Crossbow matches TConstruct:Crossbow.
Found ItemStack TConstruct:Crossbow. 1xitem.InfiTool@0
override_with_nbt called. Params: TConstruct, ArrowAmmo
Regex match found! TConstruct:ArrowAmmo matches TConstruct:ArrowAmmo.
Found ItemStack TConstruct:ArrowAmmo. 1xitem.InfiTool@0
override_with_nbt called. Params: TConstruct, BoltAmmo
Regex match found! TConstruct:BoltAmmo matches TConstruct:BoltAmmo.
Found ItemStack TConstruct:BoltAmmo. 1xitem.InfiTool@0
override_with_nbt called. Params: TConstruct, toolRod
Regex match found! TConstruct:toolRod matches TConstruct:toolRod.
Found ItemStack TConstruct:toolRod. 64xitem.tconstruct.ToolRod@0
override_with_nbt called. Params: TConstruct, toolShard
Regex match found! TConstruct:toolShard matches TConstruct:toolShard.
Found ItemStack TConstruct:toolShard. 64xitem.tconstruct.ToolShard@0
override_with_nbt called. Params: TConstruct, pickaxeHead
Regex match found! TConstruct:pickaxeHead matches TConstruct:pickaxeHead.
Found ItemStack TConstruct:pickaxeHead. 64xitem.tconstruct.PickaxeHead@0
override_with_nbt called. Params: TConstruct, shovelHead
Regex match found! TConstruct:shovelHead matches TConstruct:shovelHead.
Found ItemStack TConstruct:shovelHead. 64xitem.tconstruct.ShovelHead@0
override_with_nbt called. Params: TConstruct, hatchetHead
Regex match found! TConstruct:hatchetHead matches TConstruct:hatchetHead.
Found ItemStack TConstruct:hatchetHead. 64xitem.tconstruct.AxeHead@0
override_with_nbt called. Params: TConstruct, binding
Regex match found! TConstruct:binding matches TConstruct:binding.
Found ItemStack TConstruct:binding. 64xitem.tconstruct.Binding@0
override_with_nbt called. Params: TConstruct, toughBinding
Regex match found! TConstruct:toughBinding matches TConstruct:toughBinding.
Found ItemStack TConstruct:toughBinding. 64xitem.tconstruct.ToughBinding@0
override_with_nbt called. Params: TConstruct, toughRod
Regex match found! TConstruct:toughRod matches TConstruct:toughRod.
Found ItemStack TConstruct:toughRod. 64xitem.tconstruct.ToughRod@0
override_with_nbt called. Params: TConstruct, heavyPlate
Regex match found! TConstruct:heavyPlate matches TConstruct:heavyPlate.
Found ItemStack TConstruct:heavyPlate. 64xitem.tconstruct.LargePlate@0
override_with_nbt called. Params: TConstruct, swordBlade
Regex match found! TConstruct:swordBlade matches TConstruct:swordBlade.
Found ItemStack TConstruct:swordBlade. 64xitem.tconstruct.SwordBlade@0
override_with_nbt called. Params: TConstruct, wideGuard
Regex match found! TConstruct:wideGuard matches TConstruct:wideGuard.
Found ItemStack TConstruct:wideGuard. 64xitem.tconstruct.LargeGuard@0
override_with_nbt called. Params: TConstruct, handGuard
Regex match found! TConstruct:handGuard matches TConstruct:handGuard.
Found ItemStack TConstruct:handGuard. 64xitem.tconstruct.MediumGuard@0
override_with_nbt called. Params: TConstruct, crossbar
Regex match found! TConstruct:crossbar matches TConstruct:crossbar.
Found ItemStack TConstruct:crossbar. 64xitem.tconstruct.Crossbar@0
override_with_nbt called. Params: TConstruct, knifeBlade
Regex match found! TConstruct:knifeBlade matches TConstruct:knifeBlade.
Found ItemStack TConstruct:knifeBlade. 64xitem.tconstruct.KnifeBlade@0
override_with_nbt called. Params: TConstruct, frypanHead
Regex match found! TConstruct:frypanHead matches TConstruct:frypanHead.
Found ItemStack TConstruct:frypanHead. 64xitem.tconstruct.FrypanHead@0
override_with_nbt called. Params: TConstruct, signHead
Regex match found! TConstruct:signHead matches TConstruct:signHead.
Found ItemStack TConstruct:signHead. 64xitem.tconstruct.SignHead@0
override_with_nbt called. Params: TConstruct, chiselHead
Regex match found! TConstruct:chiselHead matches TConstruct:chiselHead.
Found ItemStack TConstruct:chiselHead. 64xitem.tconstruct.ChiselHead@0
override_with_nbt called. Params: TConstruct, scytheBlade
Regex match found! TConstruct:scytheBlade matches TConstruct:scytheBlade.
Found ItemStack TConstruct:scytheBlade. 64xitem.tconstruct.ScytheHead@0
override_with_nbt called. Params: TConstruct, broadAxeHead
Regex match found! TConstruct:broadAxeHead matches TConstruct:broadAxeHead.
Found ItemStack TConstruct:broadAxeHead. 64xitem.tconstruct.LumberAxeHead@0
override_with_nbt called. Params: TConstruct, excavatorHead
Regex match found! TConstruct:excavatorHead matches TConstruct:excavatorHead.
Found ItemStack TConstruct:excavatorHead. 64xitem.tconstruct.ExcavatorHead@0
override_with_nbt called. Params: TConstruct, largeSwordBlade
Regex match found! TConstruct:largeSwordBlade matches TConstruct:largeSwordBlade.
Found ItemStack TConstruct:largeSwordBlade. 64xitem.tconstruct.LargeSwordBlade@0
override_with_nbt called. Params: TConstruct, hammerHead
Regex match found! TConstruct:hammerHead matches TConstruct:hammerHead.
Found ItemStack TConstruct:hammerHead. 64xitem.tconstruct.HammerHead@0
override_with_nbt called. Params: TConstruct, bowstring
Regex match found! TConstruct:bowstring matches TConstruct:bowstring.
Found ItemStack TConstruct:bowstring. 64xitem.tconstruct.Bowstring@0
override_with_nbt called. Params: TConstruct, fletching
Regex match found! TConstruct:fletching matches TConstruct:fletching.
Found ItemStack TConstruct:fletching. 64xitem.tconstruct.Fletching@0
override_with_nbt called. Params: TConstruct, arrowhead
Regex match found! TConstruct:arrowhead matches TConstruct:arrowhead.
Found ItemStack TConstruct:arrowhead. 64xitem.tconstruct.ArrowHead@0
override_with_nbt called. Params: TConstruct, ShurikenPart
Regex match found! TConstruct:ShurikenPart matches TConstruct:ShurikenPart.
Found ItemStack TConstruct:ShurikenPart. 64xitem.tconstruct.Shuriken@0
override_with_nbt called. Params: TConstruct, CrossbowLimbPart
Regex match found! TConstruct:CrossbowLimbPart matches TConstruct:CrossbowLimbPart.
Found ItemStack TConstruct:CrossbowLimbPart. 64xitem.tconstruct.CrossbowLimb@0
override_with_nbt called. Params: TConstruct, BowLimbPart
Regex match found! TConstruct:BowLimbPart matches TConstruct:BowLimbPart.
Found ItemStack TConstruct:BowLimbPart. 64xitem.tconstruct.BowLimb@0
override_with_nbt called. Params: TConstruct, CrossbowBodyPart
Regex match found! TConstruct:CrossbowBodyPart matches TConstruct:CrossbowBodyPart.
Found ItemStack TConstruct:CrossbowBodyPart. 64xitem.tconstruct.CrossbowBody@0
override_with_nbt called. Params: TConstruct, BoltPart
Regex match found! TConstruct:BoltPart matches TConstruct:BoltPart.
Found ItemStack TConstruct:BoltPart. 64xitem.tconstruct.Bolt@0
override_with_nbt called. Params: TConstruct, creativeModifier
Regex match found! TConstruct:creativeModifier matches TConstruct:creativeModifier.
Found ItemStack TConstruct:creativeModifier. 64xitem.tconstruct.modifier.creative@0
override called. Params: TConstruct, fullGuard, 0
Regex match found! TConstruct:fullGuard matches TConstruct:fullGuard.
Found ItemStack TConstruct:fullGuard. 64xitem.tconstruct.FullGuard@0
Loading: MFR.js
Loading: Genetics.js
override_with_nbt called. Params: Genetics, serum
Regex match found! Genetics:serum matches Genetics:serum.
Found ItemStack Genetics:serum. 1xitem.serum@0
override_with_nbt called. Params: Genetics, serumArray
Regex match found! Genetics:serumArray matches Genetics:serumArray.
Found ItemStack Genetics:serumArray. 1xitem.serumArray@0
Loading: WitchingGadgets.js
hide called. Params: WitchingGadgets, item.WG_Cluster
Regex match found! WitchingGadgets:item.WG_Cluster matches WitchingGadgets:item.WG_Cluster.
Found ItemStack WitchingGadgets:item.WG_Cluster. 64xitem.WG_Cluster@0
hide called. Params: WitchingGadgets, item.WG_CrystalFlask
Regex match found! WitchingGadgets:item.WG_CrystalFlask matches WitchingGadgets:item.WG_CrystalFlask.
Found ItemStack WitchingGadgets:item.WG_CrystalFlask. 64xitem.WG_CrystalFlask@0
Loading: GraviSuite.js
hide called. Params: GraviSuite, itemPlasmaCell
Loading: TecTech.js
hide called. Params: tectech, item.em.debugContainer
Regex match found! tectech:item.em.debugContainer matches tectech:item.em.debugContainer.
Found ItemStack tectech:item.em.debugContainer. 1xitem.em.debugContainer@0
Loading: TinkersDefense.js
hide called. Params: tinkersdefense, Heater Shield
Regex match found! tinkersdefense:Heater Shield matches tinkersdefense:Heater Shield.
Found ItemStack tinkersdefense:Heater Shield. 1xitem.heatershield@0
hide called. Params: tinkersdefense, Round Shield
Regex match found! tinkersdefense:Round Shield matches tinkersdefense:Round Shield.
Found ItemStack tinkersdefense:Round Shield. 1xitem.roundshield@0
